********************************************************************************
Corpus 0 information
---------- Column number 1 ----------
The number of entries is: 400
Average entry length: 69.5625
Total number of units: 27825
Number of different units: 31 out of 31
Average unit frequence: 897.581
Average length: 69.5625
Smallest frequence: 30
Biggest frequence: 6876
chh	30
th	40
kh	62
qx	74
qh	79
px	87
sh	90
tx	92
kx	96
chx	99
ph	107
l	138
N	230
e	236
h	310
o	373
L	428
w	608
r	884
ch	902
m	1054
t	1094
y	1160
s	1173
p	1181
k	1557
q	1724
u	1968
i	2172
n	2901
a	6876

---------- Column number 2 ----------
The number of entries is: 400
Average entry length: 78.0875
Total number of units: 31235
Number of different units: 426 out of 426
Average unit frequence: 73.3216
Average length: 78.0875
Smallest frequence: 1
Biggest frequence: 1562
L-ch	1
L-chx	1
a-chh	1
a-i	1
i-tx	1
k-N	1
l-n	1
l-r	1
m-n	1
m-w	1
n-chh	1
n-h	1
o-a	1
ph-s	1
ph-tx	1
q-th	1
r-qh	1
t-r	1
th-e	1
th-i	1
u-i	1
u-qx	1
u-th	1
u-u	1
w-L	1
w-kh	1
y-i	1
L-e	2
L-ph	2
e-h	2
h-l	2
k-r	2
k-th	2
l-s	2
m-r	2
n-chx	2
n-l	2
n-tx	2
n-y	2
p-r	2
px-o	2
r-px	2
s-ph	2
s-s	2
sh-e	2
t-_	2
w-_	2
w-chx	2
w-k	2
i-i	3
k-w	3
l-w	3
o-h	3
p-ch	3
px-e	3
r-y	3
y-l	3
_-sh	4
a-kx	4
m-s	4
n-ph	4
o-N	4
o-qh	4
q-tx	4
r-ph	4
s-L	4
s-l	4
t-m	4
t-q	4
th-o	4
tx-e	4
u-kh	4
u-l	4
w-tx	4
L-k	5
L-kx	5
L-m	5
L-w	5
a-a	5
a-h	5
a-kh	5
a-qh	5
a-qx	5
a-tx	5
chx-e	5
chx-o	5
e-e	5
e-qx	5
e-sh	5
e-w	5
i-chx	5
i-kx	5
i-l	5
k-L	5
k-k	5
k-m	5
k-p	5
l-_	5
l-e	5
l-m	5
m-_	5
m-m	5
m-px	5
m-t	5
n-L	5
n-e	5
n-kh	5
n-n	5
n-qx	5
n-r	5
n-th	5
o-qx	5
o-sh	5
o-w	5
p-l	5
p-o	5
ph-o	5
ph-r	5
q-r	5
q-w	5
qh-o	5
r-k	5
r-n	5
r-qx	5
r-r	5
r-w	5
s-N	5
s-kx	5
s-px	5
s-qh	5
s-qx	5
s-r	5
s-tx	5
s-y	5
t-p	5
u-a	5
u-chx	5
u-kx	5
w-ch	5
w-kx	5
w-m	5
w-t	5
y-ph	5
y-qx	5
y-s	5
y-tx	5
y-y	5
ch-o	6
e-i	6
h-e	6
k-n	6
k-s	6
k-t	6
kh-i	6
l-k	6
o-L	6
ph-L	6
ph-ch	6
q-N	6
q-l	6
q-y	6
r-kx	6
r-t	6
tx-o	6
w-e	6
w-r	6
y-N	6
y-kx	6
ch-e	7
chh-i	7
e-_	7
e-ch	7
e-k	7
e-t	7
i-chh	7
i-ph	7
k-ch	7
l-p	7
n-N	7
n-kx	7
r-e	7
u-h	7
w-n	7
e-m	8
l-u	8
N-i	9
o-k	9
o-l	9
o-p	9
r-_	9
s-kh	9
s-n	9
s-w	9
t-e	9
u-ph	9
_-kh	10
a-e	10
chh-u	10
l-t	10
n-o	10
n-s	10
o-y	10
q-q	10
a-chx	11
k-chx	11
kx-u	11
n-w	11
u-tx	11
a-px	12
h-o	12
k-y	12
q-n	12
th-a	12
chh-a	13
e-L	13
e-l	13
e-s	13
i-sh	13
m-o	13
o-m	13
p-e	13
q-s	13
s-e	13
w-p	13
L-p	14
_-e	14
_-o	14
r-o	14
s-m	14
s-t	14
tx-u	14
w-q	14
y-r	14
l-i	15
l-q	15
m-e	15
o-t	15
t-o	15
e-y	16
ph-u	16
chx-i	17
l-o	17
px-i	17
e-p	18
s-ch	18
u-N	18
w-s	18
L-o	19
L-px	19
a-ph	19
o-ch	19
o-s	19
ph-i	19
q-L	19
qx-e	19
kh-a	20
q-ch	20
_-chh	21
o-_	21
qx-o	22
th-u	22
N-o	23
kx-i	24
n-u	24
r-m	24
qh-e	25
chx-u	26
m-p	26
q-p	26
r-p	26
L-u	27
px-u	27
u-sh	27
i-kh	28
s-o	28
tx-i	28
y-w	29
_-l	30
e-r	30
k-_	30
s-k	30
_-th	31
e-n	33
i-N	33
qx-a	33
q-k	34
a-sh	36
e-q	36
kh-u	36
u-L	36
_-qx	38
l-a	38
o-r	38
px-a	38
i-L	40
tx-a	40
y-L	40
y-u	40
_-y	43
y-ch	43
_-px	44
y-n	45
chx-a	46
i-w	47
_-kx	48
ph-a	48
y-o	48
y-q	48
o-n	49
qh-a	49
q-m	50
i-t	51
_-tx	54
u-q	54
_-ph	55
a-l	55
i-q	55
N-u	56
u-w	57
q-e	60
w-i	60
kx-a	61
u-p	61
_-chx	62
_-N	63
_-qh	64
y-t	64
u-m	66
u-ch	67
_-n	68
t-u	68
L-i	69
h-u	69
y-m	71
y-p	72
u-t	74
s-i	77
s-u	80
i-p	84
a-N	87
i-r	88
sh-a	88
_-i	93
h-a	99
n-p	99
q-o	100
q-t	100
n-m	103
m-u	108
u-k	113
_-u	117
n-ch	118
i-m	120
r-u	121
h-i	122
i-y	124
_-L	125
_-q	125
_-t	125
a-L	128
o-q	129
t-i	129
u-s	133
N-a	142
y-_	147
i-k	149
i-ch	154
p-u	154
u-y	157
n-q	160
s-p	160
s-a	161
u-r	167
_-s	168
r-a	168
ch-u	172
y-a	181
_-r	183
a-ch	189
p-i	202
s-q	206
_-a	209
a-w	209
n-i	211
_-w	214
r-i	225
n-t	237
u-_	241
r-q	243
_-ch	245
a-m	245
m-i	245
_-p	249
L-a	254
y-k	277
k-i	283
_-k	291
_-h	292
a-k	293
s-_	293
ch-i	301
a-p	307
i-s	309
_-m	311
a-r	325
n-k	331
q-_	374
a-t	375
i-_	389
k-a	407
ch-a	416
w-a	452
i-n	455
a-s	470
m-a	619
a-q	625
u-n	643
n-a	744
k-u	761
a-y	777
n-_	780
p-a	797
t-a	857
q-a	873
a-_	1105
a-n	1562

